<?xml version="1.0" encoding="UTF-8"?>
<testsuite name="food_app.api.dto.mapper.OffsetDataTimeMapperTest" tests="4" skipped="0" failures="0" errors="0" timestamp="2023-07-22T12:44:03" hostname="VYTAX" time="0.005">
  <properties/>
  <testcase name="testStringToBigDecimalMapper()" classname="food_app.api.dto.mapper.OffsetDataTimeMapperTest" time="0.001"/>
  <testcase name="testBigDecimalToStringMapper()" classname="food_app.api.dto.mapper.OffsetDataTimeMapperTest" time="0.001"/>
  <testcase name="testMapOffsetDateTimeToStringWithNull()" classname="food_app.api.dto.mapper.OffsetDataTimeMapperTest" time="0.001"/>
  <testcase name="testMapOffsetDateTimeToString()" classname="food_app.api.dto.mapper.OffsetDataTimeMapperTest" time="0.002"/>
  <system-out><![CDATA[]]></system-out>
  <system-err><![CDATA[]]></system-err>
</testsuite>
