<?xml version="1.0" encoding="UTF-8"?>
<testsuite name="food_app.infrastructure.database.repository.mapper.OrderEntityMapperTest" tests="2" skipped="0" failures="0" errors="0" timestamp="2023-07-22T12:44:15" hostname="VYTAX" time="0.004">
  <properties/>
  <testcase name="testMapOrderEntityToOrder()" classname="food_app.infrastructure.database.repository.mapper.OrderEntityMapperTest" time="0.002"/>
  <testcase name="testMapOrderToOrderEntity()" classname="food_app.infrastructure.database.repository.mapper.OrderEntityMapperTest" time="0.002"/>
  <system-out><![CDATA[]]></system-out>
  <system-err><![CDATA[]]></system-err>
</testsuite>
