<?xml version="1.0" encoding="UTF-8"?>
<testsuite name="food_app.infrastructure.database.repository.StreetRepositoryTest" tests="2" skipped="0" failures="0" errors="0" timestamp="2023-07-22T12:44:04" hostname="VYTAX" time="0.034">
  <properties/>
  <testcase name="testCreateStreet()" classname="food_app.infrastructure.database.repository.StreetRepositoryTest" time="0.028"/>
  <testcase name="testFindStreetByName()" classname="food_app.infrastructure.database.repository.StreetRepositoryTest" time="0.006"/>
  <system-out><![CDATA[]]></system-out>
  <system-err><![CDATA[]]></system-err>
</testsuite>
