<?xml version="1.0" encoding="UTF-8"?>
<testsuite name="food_app.bussines.RestaurantOwnerServiceTest" tests="1" skipped="0" failures="0" errors="0" timestamp="2023-07-22T12:44:04" hostname="VYTAX" time="0.137">
  <properties/>
  <testcase name="createRestaurantOwner()" classname="food_app.bussines.RestaurantOwnerServiceTest" time="0.137"/>
  <system-out><![CDATA[]]></system-out>
  <system-err><![CDATA[]]></system-err>
</testsuite>
