<?xml version="1.0" encoding="UTF-8"?>
<testsuite name="food_app.integration.rest.RestaurantRestControllerIT" tests="4" skipped="0" failures="0" errors="0" timestamp="2023-07-22T12:44:29" hostname="VYTAX" time="0.297">
  <properties/>
  <testcase name="contextLoaded()" classname="food_app.integration.rest.RestaurantRestControllerIT" time="0.005"/>
  <testcase name="restaurantActiveOrdersTest()" classname="food_app.integration.rest.RestaurantRestControllerIT" time="0.059"/>
  <testcase name="restaurantUpdateMeal()" classname="food_app.integration.rest.RestaurantRestControllerIT" time="0.116"/>
  <testcase name="restaurantCompleteOrdersTest()" classname="food_app.integration.rest.RestaurantRestControllerIT" time="0.114"/>
  <system-out><![CDATA[[Test worker] INFO  w.org.eclipse.jetty.server.Server - jetty-9.2.z-SNAPSHOT
[Test worker] INFO  w.o.e.j.s.handler.ContextHandler - Started w.o.e.j.s.ServletContextHandler@14a33025{/__admin,null,AVAILABLE}
[Test worker] INFO  w.o.e.j.s.handler.ContextHandler - Started w.o.e.j.s.ServletContextHandler@f9a5483{/,null,AVAILABLE}
[Test worker] INFO  w.o.e.j.s.NetworkTrafficServerConnector - Started NetworkTrafficServerConnector@2b57f4d{HTTP/1.1}{0.0.0.0:9999}
[Test worker] INFO  w.org.eclipse.jetty.server.Server - Started @38127ms
[Test worker] INFO  w.o.e.j.s.NetworkTrafficServerConnector - Stopped NetworkTrafficServerConnector@2b57f4d{HTTP/1.1}{0.0.0.0:9999}
[Test worker] INFO  w.o.e.j.s.handler.ContextHandler - Stopped w.o.e.j.s.ServletContextHandler@f9a5483{/,null,UNAVAILABLE}
[Test worker] INFO  w.o.e.j.s.handler.ContextHandler - Stopped w.o.e.j.s.ServletContextHandler@14a33025{/__admin,null,UNAVAILABLE}
]]></system-out>
  <system-err><![CDATA[]]></system-err>
</testsuite>
