<?xml version="1.0" encoding="UTF-8"?>
<testsuite name="food_app.infrastructure.database.repository.RestaurantStreetRepositoryTest" tests="4" skipped="0" failures="0" errors="0" timestamp="2023-07-22T12:44:04" hostname="VYTAX" time="0.056">
  <properties/>
  <testcase name="testFindAllByStreet()" classname="food_app.infrastructure.database.repository.RestaurantStreetRepositoryTest" time="0.049"/>
  <testcase name="testFindRestaurantStreetsByRestaurant()" classname="food_app.infrastructure.database.repository.RestaurantStreetRepositoryTest" time="0.002"/>
  <testcase name="testRemoveStreetFromRestaurant()" classname="food_app.infrastructure.database.repository.RestaurantStreetRepositoryTest" time="0.002"/>
  <testcase name="testCreateRestaurantStreet()" classname="food_app.infrastructure.database.repository.RestaurantStreetRepositoryTest" time="0.001"/>
  <system-out><![CDATA[]]></system-out>
  <system-err><![CDATA[]]></system-err>
</testsuite>
