<?xml version="1.0" encoding="UTF-8"?>
<testsuite name="food_app.bussines.RestaurantStreetTest" tests="4" skipped="0" failures="0" errors="0" timestamp="2023-07-22T12:44:04" hostname="VYTAX" time="0.028">
  <properties/>
  <testcase name="testFindRestaurantStreetsByRestaurant()" classname="food_app.bussines.RestaurantStreetTest" time="0.018"/>
  <testcase name="testFindRestaurantStreetsByStreetName()" classname="food_app.bussines.RestaurantStreetTest" time="0.003"/>
  <testcase name="testRemoveStreetFromRestaurant()" classname="food_app.bussines.RestaurantStreetTest" time="0.002"/>
  <testcase name="testCreateRestaurantStreet()" classname="food_app.bussines.RestaurantStreetTest" time="0.003"/>
  <system-out><![CDATA[]]></system-out>
  <system-err><![CDATA[]]></system-err>
</testsuite>
