<?xml version="1.0" encoding="UTF-8"?>
<testsuite name="food_app.bussines.MealServiceTest" tests="2" skipped="0" failures="0" errors="0" timestamp="2023-07-22T12:44:04" hostname="VYTAX" time="0.051">
  <properties/>
  <testcase name="testFindByNameAndRestaurantName()" classname="food_app.bussines.MealServiceTest" time="0.047"/>
  <testcase name="testDeleteByNameAndRestaurantName()" classname="food_app.bussines.MealServiceTest" time="0.003"/>
  <system-out><![CDATA[]]></system-out>
  <system-err><![CDATA[]]></system-err>
</testsuite>
