<?xml version="1.0" encoding="UTF-8"?>
<testsuite name="food_app.infrastructure.database.repository.mapper.CustomerEntityMapperTest" tests="2" skipped="0" failures="0" errors="0" timestamp="2023-07-22T12:44:15" hostname="VYTAX" time="0.003">
  <properties/>
  <testcase name="mapCustomerToEntityTest()" classname="food_app.infrastructure.database.repository.mapper.CustomerEntityMapperTest" time="0.002"/>
  <testcase name="mapEntityToCustomerTest()" classname="food_app.infrastructure.database.repository.mapper.CustomerEntityMapperTest" time="0.001"/>
  <system-out><![CDATA[]]></system-out>
  <system-err><![CDATA[]]></system-err>
</testsuite>
