<?xml version="1.0" encoding="UTF-8"?>
<testsuite name="food_app.infrastructure.database.repository.jpa.StreetJpaRepositoryTest" tests="1" skipped="0" failures="0" errors="0" timestamp="2023-07-22T12:44:15" hostname="VYTAX" time="0.047">
  <properties/>
  <testcase name="saveStreetTest()" classname="food_app.infrastructure.database.repository.jpa.StreetJpaRepositoryTest" time="0.047"/>
  <system-out><![CDATA[[Test worker] INFO  o.s.t.c.s.AnnotationConfigContextLoaderUtils - Could not detect default configuration classes for test class [food_app.infrastructure.database.repository.jpa.StreetJpaRepositoryTest]: StreetJpaRepositoryTest does not declare any static, non-private, non-final, nested classes annotated with @Configuration.
[Test worker] INFO  o.s.b.t.c.SpringBootTestContextBootstrapper - Found @SpringBootConfiguration Food_app.Main for test class food_app.infrastructure.database.repository.jpa.StreetJpaRepositoryTest
Hibernate: insert into street (name) values (?)
Hibernate: select s1_0.street_id,s1_0.name from street s1_0 where s1_0.name=?
]]></system-out>
  <system-err><![CDATA[]]></system-err>
</testsuite>
