<?xml version="1.0" encoding="UTF-8"?>
<testsuite name="food_app.api.dto.mapper.StreetMapperTest" tests="1" skipped="0" failures="0" errors="0" timestamp="2023-07-22T12:44:03" hostname="VYTAX" time="0.003">
  <properties/>
  <testcase name="testStreetDTOToStreet()" classname="food_app.api.dto.mapper.StreetMapperTest" time="0.003"/>
  <system-out><![CDATA[]]></system-out>
  <system-err><![CDATA[]]></system-err>
</testsuite>
