<?xml version="1.0" encoding="UTF-8"?>
<testsuite name="food_app.api.controller.RestaurantControllerTest" tests="4" skipped="0" failures="0" errors="0" timestamp="2023-07-22T12:44:03" hostname="VYTAX" time="0.149">
  <properties/>
  <testcase name="testMealsPage()" classname="food_app.api.controller.RestaurantControllerTest" time="0.066"/>
  <testcase name="deliveryTest()" classname="food_app.api.controller.RestaurantControllerTest" time="0.017"/>
  <testcase name="ordersTest()" classname="food_app.api.controller.RestaurantControllerTest" time="0.039"/>
  <testcase name="orderDetailsTest()" classname="food_app.api.controller.RestaurantControllerTest" time="0.017"/>
  <system-out><![CDATA[[Test worker] INFO  o.s.t.c.s.AnnotationConfigContextLoaderUtils - Could not detect default configuration classes for test class [food_app.api.controller.RestaurantControllerTest]: RestaurantControllerTest does not declare any static, non-private, non-final, nested classes annotated with @Configuration.
[Test worker] INFO  o.s.b.t.c.SpringBootTestContextBootstrapper - Found @SpringBootConfiguration Food_app.Main for test class food_app.api.controller.RestaurantControllerTest

  .   ____          _            __ _ _
 /\\ / ___'_ __ _ _(_)_ __  __ _ \ \ \ \
( ( )\___ | '_ | '_| | '_ \/ _` | \ \ \ \
 \\/  ___)| |_)| | | | | || (_| |  ) ) ) )
  '  |____| .__|_| |_|_| |_\__, | / / / /
 =========|_|==============|___/=/_/_/_/
 :: Spring Boot ::                (v3.0.0)

[Test worker] INFO  f.a.c.RestaurantControllerTest - Starting RestaurantControllerTest using Java 17.0.7 with PID 1284 (started by jakub in C:\Users\jakub\OneDrive\Pulpit\java\food_app)
[Test worker] INFO  f.a.c.RestaurantControllerTest - No active profile set, falling back to 1 default profile: "default"
[Test worker] WARN  o.s.b.a.s.s.UserDetailsServiceAutoConfiguration - 

Using generated security password: 4e3f08c2-6f0c-419c-850a-98ab20b6c385

This generated password is for development use only. Your security configuration must be updated before running your application in production.

[Test worker] INFO  o.s.s.web.DefaultSecurityFilterChain - Will secure any request with [org.springframework.security.web.session.DisableEncodeUrlFilter@3f8c4bcf, org.springframework.security.web.context.request.async.WebAsyncManagerIntegrationFilter@175377d3, org.springframework.security.web.context.SecurityContextHolderFilter@539953af, org.springframework.security.web.header.HeaderWriterFilter@1738d3b2, org.springframework.security.web.csrf.CsrfFilter@39aaa7db, org.springframework.security.web.authentication.logout.LogoutFilter@4cd13fad, org.springframework.security.web.authentication.UsernamePasswordAuthenticationFilter@4d37c996, org.springframework.security.web.authentication.ui.DefaultLoginPageGeneratingFilter@678c0310, org.springframework.security.web.authentication.ui.DefaultLogoutPageGeneratingFilter@645b67d6, org.springframework.security.web.authentication.www.BasicAuthenticationFilter@85eabca, org.springframework.security.web.savedrequest.RequestCacheAwareFilter@3fe1b278, org.springframework.security.web.servletapi.SecurityContextHolderAwareRequestFilter@3678f32e, org.springframework.security.web.authentication.AnonymousAuthenticationFilter@1926806c, org.springframework.security.web.access.ExceptionTranslationFilter@14a3a66c, org.springframework.security.web.access.intercept.AuthorizationFilter@3a5244a1]
[Test worker] INFO  o.s.b.t.m.w.SpringBootMockServletContext - Initializing Spring TestDispatcherServlet ''
[Test worker] INFO  o.s.t.w.s.TestDispatcherServlet - Initializing Servlet ''
[Test worker] INFO  o.s.t.w.s.TestDispatcherServlet - Completed initialization in 1 ms
[Test worker] INFO  f.a.c.RestaurantControllerTest - Started RestaurantControllerTest in 0.633 seconds (process running for 12.546)
]]></system-out>
  <system-err><![CDATA[]]></system-err>
</testsuite>
