<?xml version="1.0" encoding="UTF-8"?>
<testsuite name="food_app.api.controller.CustomerControllerTest" tests="7" skipped="0" failures="0" errors="0" timestamp="2023-07-22T12:44:02" hostname="VYTAX" time="0.36">
  <properties/>
  <testcase name="testMexicanMonth()" classname="food_app.api.controller.CustomerControllerTest" time="0.104"/>
  <testcase name="testCreateOrder()" classname="food_app.api.controller.CustomerControllerTest" time="0.012"/>
  <testcase name="testMexicanMonthReceipt()" classname="food_app.api.controller.CustomerControllerTest" time="0.036"/>
  <testcase name="testOrderDetails()" classname="food_app.api.controller.CustomerControllerTest" time="0.035"/>
  <testcase name="testRestaurants()" classname="food_app.api.controller.CustomerControllerTest" time="0.118"/>
  <testcase name="testMapMap()" classname="food_app.api.controller.CustomerControllerTest" time="0.015"/>
  <testcase name="testCancelOrder()" classname="food_app.api.controller.CustomerControllerTest" time="0.01"/>
  <system-out><![CDATA[[Test worker] INFO  o.s.t.c.s.AnnotationConfigContextLoaderUtils - Could not detect default configuration classes for test class [food_app.api.controller.CustomerControllerTest]: CustomerControllerTest does not declare any static, non-private, non-final, nested classes annotated with @Configuration.
[Test worker] INFO  o.s.b.t.c.SpringBootTestContextBootstrapper - Found @SpringBootConfiguration Food_app.Main for test class food_app.api.controller.CustomerControllerTest

  .   ____          _            __ _ _
 /\\ / ___'_ __ _ _(_)_ __  __ _ \ \ \ \
( ( )\___ | '_ | '_| | '_ \/ _` | \ \ \ \
 \\/  ___)| |_)| | | | | || (_| |  ) ) ) )
  '  |____| .__|_| |_|_| |_\__, | / / / /
 =========|_|==============|___/=/_/_/_/
 :: Spring Boot ::                (v3.0.0)

[Test worker] INFO  f.a.c.CustomerControllerTest - Starting CustomerControllerTest using Java 17.0.7 with PID 1284 (started by jakub in C:\Users\jakub\OneDrive\Pulpit\java\food_app)
[Test worker] INFO  f.a.c.CustomerControllerTest - No active profile set, falling back to 1 default profile: "default"
[Test worker] WARN  o.s.b.a.s.s.UserDetailsServiceAutoConfiguration - 

Using generated security password: 64bb53f3-dde6-4a5c-91eb-70a0a4f29464

This generated password is for development use only. Your security configuration must be updated before running your application in production.

[Test worker] INFO  o.s.s.web.DefaultSecurityFilterChain - Will secure any request with [org.springframework.security.web.session.DisableEncodeUrlFilter@3f910f36, org.springframework.security.web.context.request.async.WebAsyncManagerIntegrationFilter@6421bc7e, org.springframework.security.web.context.SecurityContextHolderFilter@48a2b492, org.springframework.security.web.header.HeaderWriterFilter@f5a680, org.springframework.security.web.csrf.CsrfFilter@5cfde2a4, org.springframework.security.web.authentication.logout.LogoutFilter@363ee411, org.springframework.security.web.authentication.UsernamePasswordAuthenticationFilter@c950fd, org.springframework.security.web.authentication.ui.DefaultLoginPageGeneratingFilter@5c141c7b, org.springframework.security.web.authentication.ui.DefaultLogoutPageGeneratingFilter@2e2546bf, org.springframework.security.web.authentication.www.BasicAuthenticationFilter@41962299, org.springframework.security.web.savedrequest.RequestCacheAwareFilter@7bf997e0, org.springframework.security.web.servletapi.SecurityContextHolderAwareRequestFilter@71f86562, org.springframework.security.web.authentication.AnonymousAuthenticationFilter@5e572b08, org.springframework.security.web.access.ExceptionTranslationFilter@53fb3e1b, org.springframework.security.web.access.intercept.AuthorizationFilter@785477e5]
[Test worker] INFO  o.s.b.t.m.w.SpringBootMockServletContext - Initializing Spring TestDispatcherServlet ''
[Test worker] INFO  o.s.t.w.s.TestDispatcherServlet - Initializing Servlet ''
[Test worker] INFO  o.s.t.w.s.TestDispatcherServlet - Completed initialization in 1 ms
[Test worker] INFO  f.a.c.CustomerControllerTest - Started CustomerControllerTest in 1.064 seconds (process running for 11.529)
]]></system-out>
  <system-err><![CDATA[]]></system-err>
</testsuite>
