<?xml version="1.0" encoding="UTF-8"?>
<testsuite name="food_app.infrastructure.database.repository.mapper.RestaurantStreetEntityMapperTest" tests="1" skipped="0" failures="0" errors="0" timestamp="2023-07-22T12:44:15" hostname="VYTAX" time="0.001">
  <properties/>
  <testcase name="TestEntityToRestaurantStreet()" classname="food_app.infrastructure.database.repository.mapper.RestaurantStreetEntityMapperTest" time="0.001"/>
  <system-out><![CDATA[]]></system-out>
  <system-err><![CDATA[]]></system-err>
</testsuite>
