<?xml version="1.0" encoding="UTF-8"?>
<testsuite name="food_app.integration.rest.CustomerRestControllerIT" tests="8" skipped="0" failures="0" errors="0" timestamp="2023-07-22T12:44:23" hostname="VYTAX" time="6.087">
  <properties/>
  <testcase name="contextLoaded()" classname="food_app.integration.rest.CustomerRestControllerIT" time="0.183"/>
  <testcase name="customerMexicanMonthTest()" classname="food_app.integration.rest.CustomerRestControllerIT" time="4.07"/>
  <testcase name="cancelOrder()" classname="food_app.integration.rest.CustomerRestControllerIT" time="0.651"/>
  <testcase name="restaurantMenuTest()" classname="food_app.integration.rest.CustomerRestControllerIT" time="0.332"/>
  <testcase name="createOrder()" classname="food_app.integration.rest.CustomerRestControllerIT" time="0.255"/>
  <testcase name="customerMexicanMonthReceiptTest()" classname="food_app.integration.rest.CustomerRestControllerIT" time="0.319"/>
  <testcase name="restaurantTest()" classname="food_app.integration.rest.CustomerRestControllerIT" time="0.205"/>
  <testcase name="customerActiveOrdersTest()" classname="food_app.integration.rest.CustomerRestControllerIT" time="0.062"/>
  <system-out><![CDATA[[Test worker] INFO  wiremock.org.eclipse.jetty.util.log - Logging initialized @25349ms
[Test worker] INFO  w.org.eclipse.jetty.server.Server - jetty-9.2.z-SNAPSHOT
[Test worker] INFO  w.o.e.j.s.handler.ContextHandler - Started w.o.e.j.s.ServletContextHandler@bf90cf8{/__admin,null,AVAILABLE}
[Test worker] INFO  w.o.e.j.s.handler.ContextHandler - Started w.o.e.j.s.ServletContextHandler@3cb78e36{/,null,AVAILABLE}
[Test worker] INFO  w.o.e.j.s.NetworkTrafficServerConnector - Started NetworkTrafficServerConnector@2c07bf90{HTTP/1.1}{0.0.0.0:9999}
[Test worker] INFO  w.org.eclipse.jetty.server.Server - Started @25513ms

  .   ____          _            __ _ _
 /\\ / ___'_ __ _ _(_)_ __  __ _ \ \ \ \
( ( )\___ | '_ | '_| | '_ \/ _` | \ \ \ \
 \\/  ___)| |_)| | | | | || (_| |  ) ) ) )
  '  |____| .__|_| |_|_| |_\__, | / / / /
 =========|_|==============|___/=/_/_/_/
 :: Spring Boot ::                (v3.0.0)

[Test worker] INFO  f.i.rest.CustomerRestControllerIT - Starting CustomerRestControllerIT using Java 17.0.7 with PID 1284 (started by jakub in C:\Users\jakub\OneDrive\Pulpit\java\food_app)
[Test worker] INFO  f.i.rest.CustomerRestControllerIT - The following 1 profile is active: "test"
[Test worker] INFO  o.s.d.r.c.RepositoryConfigurationDelegate - Bootstrapping Spring Data JPA repositories in DEFAULT mode.
[Test worker] INFO  o.s.d.r.c.RepositoryConfigurationDelegate - Finished Spring Data repository scanning in 77 ms. Found 11 JPA repository interfaces.
[Test worker] INFO  o.s.b.w.e.tomcat.TomcatWebServer - Tomcat initialized with port(s): 0 (http)
[Test worker] INFO  o.a.coyote.http11.Http11NioProtocol - Initializing ProtocolHandler ["http-nio-auto-1"]
[Test worker] INFO  o.a.catalina.core.StandardService - Starting service [Tomcat]
[Test worker] INFO  o.a.catalina.core.StandardEngine - Starting Servlet engine: [Apache Tomcat/10.1.1]
[Test worker] INFO  o.a.c.c.C.[.[localhost].[/foodApp] - Initializing Spring embedded WebApplicationContext
[Test worker] INFO  o.s.b.w.s.c.ServletWebServerApplicationContext - Root WebApplicationContext: initialization completed in 1585 ms
[Test worker] INFO  docker[postgres:15.0] - Creating container for image: postgres:15.0
[Test worker] INFO  docker[postgres:15.0] - Container postgres:15.0 is starting: 400b733e06cc9ccc177cfb8913c794f463e3c5673fca1187270d5469b38261e5
[Test worker] INFO  docker[postgres:15.0] - Container postgres:15.0 started in PT2.5027528S
[Test worker] INFO  com.zaxxer.hikari.HikariDataSource - HikariPool-2 - Starting...
[Test worker] INFO  com.zaxxer.hikari.pool.HikariPool - HikariPool-2 - Added connection org.postgresql.jdbc.PgConnection@13c3f96d
[Test worker] INFO  com.zaxxer.hikari.HikariDataSource - HikariPool-2 - Start completed.
[Test worker] INFO  o.f.c.i.d.base.BaseDatabaseType - Database: jdbc:postgresql://localhost:55055/test (PostgreSQL 15.0)
[Test worker] INFO  o.f.core.internal.command.DbValidate - Successfully validated 12 migrations (execution time 00:00.022s)
[Test worker] INFO  o.f.c.i.s.JdbcTableSchemaHistory - Creating Schema History table "public"."flyway_schema_history" ...
[Test worker] INFO  o.f.core.internal.command.DbMigrate - Current version of schema "public": << Empty Schema >>
[Test worker] INFO  o.f.core.internal.command.DbMigrate - Migrating schema "public" to version "1.2 - init restaurant owner"
[Test worker] INFO  o.f.core.internal.command.DbMigrate - Migrating schema "public" to version "1.3 - init street"
[Test worker] INFO  o.f.core.internal.command.DbMigrate - Migrating schema "public" to version "1.4 - init address"
[Test worker] INFO  o.f.core.internal.command.DbMigrate - Migrating schema "public" to version "1.5 - init customer"
[Test worker] INFO  o.f.core.internal.command.DbMigrate - Migrating schema "public" to version "1.6 - init restaurant"
[Test worker] INFO  o.f.core.internal.command.DbMigrate - Migrating schema "public" to version "1.7 - init order"
[Test worker] INFO  o.f.core.internal.command.DbMigrate - Migrating schema "public" to version "1.8 - init meal"
[Test worker] INFO  o.f.core.internal.command.DbMigrate - Migrating schema "public" to version "1.9 - init order meal"
[Test worker] INFO  o.f.core.internal.command.DbMigrate - Migrating schema "public" to version "1.10 - init restaurant street"
[Test worker] INFO  o.f.core.internal.command.DbMigrate - Migrating schema "public" to version "1.11 - init data"
[Test worker] INFO  o.f.core.internal.command.DbMigrate - Migrating schema "public" to version "3.0 - security tabels"
[Test worker] INFO  o.f.core.internal.command.DbMigrate - Migrating schema "public" to version "3.1 - init users"
[Test worker] INFO  o.f.core.internal.command.DbMigrate - Successfully applied 12 migrations to schema "public", now at version v3.1 (execution time 00:00.479s)
[Test worker] INFO  o.h.jpa.internal.util.LogHelper - HHH000204: Processing PersistenceUnitInfo [name: default]
[Test worker] WARN  org.hibernate.orm.deprecation - HHH90000021: Encountered deprecated setting [javax.persistence.sharedCache.mode], use [jakarta.persistence.sharedCache.mode] instead
[Test worker] INFO  SQL dialect - HHH000400: Using dialect: org.hibernate.dialect.PostgreSQLDialect
[Test worker] INFO  o.h.e.t.j.p.i.JtaPlatformInitiator - HHH000490: Using JtaPlatform implementation: [org.hibernate.engine.transaction.jta.platform.internal.NoJtaPlatform]
[Test worker] INFO  o.s.o.j.LocalContainerEntityManagerFactoryBean - Initialized JPA EntityManagerFactory for persistence unit 'default'
[Test worker] WARN  o.s.b.a.o.j.JpaBaseConfiguration$JpaWebConfiguration - spring.jpa.open-in-view is enabled by default. Therefore, database queries may be performed during view rendering. Explicitly configure spring.jpa.open-in-view to disable this warning
[Test worker] INFO  o.s.s.web.DefaultSecurityFilterChain - Will secure any request with [org.springframework.security.web.session.DisableEncodeUrlFilter@53517736, org.springframework.security.web.context.request.async.WebAsyncManagerIntegrationFilter@379327f3, org.springframework.security.web.context.SecurityContextHolderFilter@6e706a1a, org.springframework.security.web.header.HeaderWriterFilter@638c5472, org.springframework.security.web.authentication.logout.LogoutFilter@678074c3, org.springframework.security.web.savedrequest.RequestCacheAwareFilter@3b0f224c, org.springframework.security.web.servletapi.SecurityContextHolderAwareRequestFilter@be305f0, org.springframework.security.web.authentication.AnonymousAuthenticationFilter@6ba998e3, org.springframework.security.web.access.ExceptionTranslationFilter@7bf974a1, org.springframework.security.web.access.intercept.AuthorizationFilter@36806af3]
[Test worker] INFO  o.a.coyote.http11.Http11NioProtocol - Starting ProtocolHandler ["http-nio-auto-1"]
[Test worker] INFO  o.s.b.w.e.tomcat.TomcatWebServer - Tomcat started on port(s): 55066 (http) with context path '/foodApp'
[Test worker] INFO  f.i.rest.CustomerRestControllerIT - Started CustomerRestControllerIT in 6.481 seconds (process running for 31.997)
[http-nio-auto-1-exec-1] INFO  o.a.c.c.C.[.[localhost].[/foodApp] - Initializing Spring DispatcherServlet 'dispatcherServlet'
[http-nio-auto-1-exec-1] INFO  o.s.web.servlet.DispatcherServlet - Initializing Servlet 'dispatcherServlet'
[http-nio-auto-1-exec-1] INFO  o.s.web.servlet.DispatcherServlet - Completed initialization in 1 ms
2023-07-22T14:44:27.846617200+02:00
2023-07-22T14:44:27.703741+02:00
[Test worker] INFO  w.o.e.j.s.NetworkTrafficServerConnector - Stopped NetworkTrafficServerConnector@2c07bf90{HTTP/1.1}{0.0.0.0:9999}
[Test worker] INFO  w.o.e.j.s.handler.ContextHandler - Stopped w.o.e.j.s.ServletContextHandler@3cb78e36{/,null,UNAVAILABLE}
[Test worker] INFO  w.o.e.j.s.handler.ContextHandler - Stopped w.o.e.j.s.ServletContextHandler@bf90cf8{/__admin,null,UNAVAILABLE}
]]></system-out>
  <system-err><![CDATA[]]></system-err>
</testsuite>
