<?xml version="1.0" encoding="UTF-8"?>
<testsuite name="food_app.api.dto.mapper.CustomerMapperTest" tests="3" skipped="0" failures="0" errors="0" timestamp="2023-07-22T12:44:03" hostname="VYTAX" time="0.007">
  <properties/>
  <testcase name="testMapWithOrders()" classname="food_app.api.dto.mapper.CustomerMapperTest" time="0.005"/>
  <testcase name="testMapDTOToCustomer()" classname="food_app.api.dto.mapper.CustomerMapperTest" time="0.001"/>
  <testcase name="testMapCustomerToDTO()" classname="food_app.api.dto.mapper.CustomerMapperTest" time="0.001"/>
  <system-out><![CDATA[]]></system-out>
  <system-err><![CDATA[]]></system-err>
</testsuite>
