<?xml version="1.0" encoding="UTF-8"?>
<testsuite name="food_app.bussines.OrderNumberGeneratedTest" tests="2" skipped="0" failures="0" errors="0" timestamp="2023-07-22T12:44:04" hostname="VYTAX" time="0.019">
  <properties/>
  <testcase name="testRandomInt()" classname="food_app.bussines.OrderNumberGeneratedTest" time="0.004"/>
  <testcase name="testGenerateOrderNumber()" classname="food_app.bussines.OrderNumberGeneratedTest" time="0.014"/>
  <system-out><![CDATA[]]></system-out>
  <system-err><![CDATA[]]></system-err>
</testsuite>
