<?xml version="1.0" encoding="UTF-8"?>
<testsuite name="food_app.api.dto.mapper.CreateMealMapperTest" tests="2" skipped="0" failures="0" errors="0" timestamp="2023-07-22T12:44:03" hostname="VYTAX" time="0.011">
  <properties/>
  <testcase name="testMap()" classname="food_app.api.dto.mapper.CreateMealMapperTest" time="0.008"/>
  <testcase name="testMapWithNull()" classname="food_app.api.dto.mapper.CreateMealMapperTest" time="0.002"/>
  <system-out><![CDATA[]]></system-out>
  <system-err><![CDATA[]]></system-err>
</testsuite>
